Unity Editor version:    2022.3.20f1 (61c2feb0970d)
Branch:                  2022.3/release
Build type:              Release
Batch mode:              YES
macOS version:           Version 14.5 (Build 23F79)
Darwin version:          23.5.0
Architecture:            arm64
Running under Rosetta:   NO
Available memory:        8192 MB
Using pre-set license
Pro License: YES

COMMAND LINE ARGUMENTS:
/Applications/Unity/Hub/Editor/2022.3.20f1/Unity.app/Contents/MacOS/Unity
-adb2
-batchMode
-noUpm
-name
AssetImportWorker4
-projectPath
/Users/bruno/www/unemat/rva-2/RV
-logFile
Logs/AssetImportWorker4.log
-srvPort
50461
Successfully changed project path to: /Users/bruno/www/unemat/rva-2/RV
/Users/bruno/www/unemat/rva-2/RV
[UnityMemory] Configuration Parameters - Can be set up in boot.config
    "memorysetup-bucket-allocator-granularity=16"
    "memorysetup-bucket-allocator-bucket-count=8"
    "memorysetup-bucket-allocator-block-size=33554432"
    "memorysetup-bucket-allocator-block-count=8"
    "memorysetup-main-allocator-block-size=16777216"
    "memorysetup-thread-allocator-block-size=16777216"
    "memorysetup-gfx-main-allocator-block-size=16777216"
    "memorysetup-gfx-thread-allocator-block-size=16777216"
    "memorysetup-cache-allocator-block-size=4194304"
    "memorysetup-typetree-allocator-block-size=2097152"
    "memorysetup-profiler-bucket-allocator-granularity=16"
    "memorysetup-profiler-bucket-allocator-bucket-count=8"
    "memorysetup-profiler-bucket-allocator-block-size=33554432"
    "memorysetup-profiler-bucket-allocator-block-count=8"
    "memorysetup-profiler-allocator-block-size=16777216"
    "memorysetup-profiler-editor-allocator-block-size=1048576"
    "memorysetup-temp-allocator-size-main=16777216"
    "memorysetup-job-temp-allocator-block-size=2097152"
    "memorysetup-job-temp-allocator-block-size-background=1048576"
    "memorysetup-job-temp-allocator-reduction-small-platforms=262144"
    "memorysetup-allocator-temp-initial-block-size-main=262144"
    "memorysetup-allocator-temp-initial-block-size-worker=262144"
    "memorysetup-temp-allocator-size-background-worker=32768"
    "memorysetup-temp-allocator-size-job-worker=262144"
    "memorysetup-temp-allocator-size-preload-manager=33554432"
    "memorysetup-temp-allocator-size-nav-mesh-worker=65536"
    "memorysetup-temp-allocator-size-audio-worker=65536"
    "memorysetup-temp-allocator-size-cloud-worker=32768"
    "memorysetup-temp-allocator-size-gi-baking-worker=262144"
    "memorysetup-temp-allocator-size-gfx=262144"
Player connection [8533789696] Host "[IP] 172.16.0.145 [Port] 0 [Flags] 2 [Guid] 3529859630 [EditorId] 3529859630 [Version] 1048832 [Id] OSXEditor(0,MacBook-Air-de-Bruno.local) [Debug] 1 [PackageName] OSXEditor [ProjectName] Editor" joined multi-casting on [225.0.0.222:54997]...

Player connection [8533789696] Host "[IP] 172.16.0.145 [Port] 0 [Flags] 2 [Guid] 3529859630 [EditorId] 3529859630 [Version] 1048832 [Id] OSXEditor(0,MacBook-Air-de-Bruno.local) [Debug] 1 [PackageName] OSXEditor [ProjectName] Editor" joined alternative multi-casting on [225.0.0.222:34997]...

[Physics::Module] Initialized MultithreadedJobDispatcher with 7 workers.
Refreshing native plugins compatible for Editor in 10.98 ms, found 2 plugins.
Preloading 0 native plugins for Editor in 0.00 ms.
Initialize engine version: 2022.3.20f1 (61c2feb0970d)
[Subsystems] Discovering subsystems at path /Applications/Unity/Hub/Editor/2022.3.20f1/Unity.app/Contents/Resources/UnitySubsystems
[Subsystems] Discovering subsystems at path /Users/bruno/www/unemat/rva-2/RV/Assets
GfxDevice: creating device client; threaded=0; jobified=0
 preferred device: Apple M1 (high power)
Metal devices available: 1
0: Apple M1 (high power)
Using device Apple M1 (high power)
Initializing Metal device caps: Apple M1
Initialize mono
Mono path[0] = '/Applications/Unity/Hub/Editor/2022.3.20f1/Unity.app/Contents/Managed'
Mono path[1] = '/Applications/Unity/Hub/Editor/2022.3.20f1/Unity.app/Contents/MonoBleedingEdge/lib/mono/unityjit-macos'
Mono config path = '/Applications/Unity/Hub/Editor/2022.3.20f1/Unity.app/Contents/MonoBleedingEdge/etc'
Using monoOptions --debugger-agent=transport=dt_socket,embedding=1,server=y,suspend=n,address=127.0.0.1:56820
Begin MonoManager ReloadAssembly
Registering precompiled unity dll's ...
Register platform support module: /Applications/Unity/Hub/Editor/2022.3.20f1/PlaybackEngines/WebGLSupport/UnityEditor.WebGL.Extensions.dll
Register platform support module: /Applications/Unity/Hub/Editor/2022.3.20f1/Unity.app/Contents/PlaybackEngines/MacStandaloneSupport/UnityEditor.OSXStandalone.Extensions.dll
Registered in 0.002103 seconds.
- Loaded All Assemblies, in  0.239 seconds
Native extension for OSXStandalone target not found
Native extension for WebGL target not found
Mono: successfully reloaded assembly
- Finished resetting the current domain, in  0.147 seconds
Domain Reload Profiling: 386ms
	BeginReloadAssembly (82ms)
		ExecutionOrderSort (0ms)
		DisableScriptedObjects (0ms)
		BackupInstance (0ms)
		ReleaseScriptingObjects (0ms)
		CreateAndSetChildDomain (0ms)
	RebuildCommonClasses (25ms)
	RebuildNativeTypeToScriptingClass (8ms)
	initialDomainReloadingComplete (30ms)
	LoadAllAssembliesAndSetupDomain (94ms)
		LoadAssemblies (82ms)
		RebuildTransferFunctionScriptingTraits (0ms)
		AnalyzeDomain (92ms)
			TypeCache.Refresh (91ms)
				TypeCache.ScanAssembly (82ms)
			ScanForSourceGeneratedMonoScriptInfo (0ms)
			ResolveRequiredComponents (0ms)
	FinalizeReload (147ms)
		ReleaseScriptCaches (0ms)
		RebuildScriptCaches (0ms)
		SetupLoadedEditorAssemblies (112ms)
			LogAssemblyErrors (0ms)
			InitializePlatformSupportModulesInManaged (5ms)
			SetLoadedEditorAssemblies (3ms)
			RefreshPlugins (0ms)
			BeforeProcessingInitializeOnLoad (1ms)
			ProcessInitializeOnLoadAttributes (79ms)
			ProcessInitializeOnLoadMethodAttributes (24ms)
			AfterProcessingInitializeOnLoad (0ms)
			EditorAssembliesLoaded (0ms)
		ExecutionOrderSort2 (0ms)
		AwakeInstancesAfterBackupRestoration (0ms)
========================================================================
Worker process is ready to serve import requests
Begin MonoManager ReloadAssembly
- Loaded All Assemblies, in  0.446 seconds
Refreshing native plugins compatible for Editor in 1.50 ms, found 2 plugins.
Native extension for OSXStandalone target not found
Native extension for WebGL target not found
Package Manager log level set to [2]
[Package Manager] Server::EnsureServerProcessIsRunning -- launch failed, reason: Unity was launched with the -noUpm command-line argument
[Package Manager] UpmClient::Send -- Unable to send message (not connected to UPM process).
[Package Manager] Cannot connect to Unity Package Manager local server
Mono: successfully reloaded assembly
- Finished resetting the current domain, in  0.379 seconds
Domain Reload Profiling: 826ms
	BeginReloadAssembly (82ms)
		ExecutionOrderSort (0ms)
		DisableScriptedObjects (4ms)
		BackupInstance (0ms)
		ReleaseScriptingObjects (0ms)
		CreateAndSetChildDomain (19ms)
	RebuildCommonClasses (25ms)
	RebuildNativeTypeToScriptingClass (8ms)
	initialDomainReloadingComplete (23ms)
	LoadAllAssembliesAndSetupDomain (309ms)
		LoadAssemblies (223ms)
		RebuildTransferFunctionScriptingTraits (0ms)
		AnalyzeDomain (118ms)
			TypeCache.Refresh (108ms)
				TypeCache.ScanAssembly (96ms)
			ScanForSourceGeneratedMonoScriptInfo (7ms)
			ResolveRequiredComponents (2ms)
	FinalizeReload (379ms)
		ReleaseScriptCaches (0ms)
		RebuildScriptCaches (0ms)
		SetupLoadedEditorAssemblies (287ms)
			LogAssemblyErrors (0ms)
			InitializePlatformSupportModulesInManaged (3ms)
			SetLoadedEditorAssemblies (3ms)
			RefreshPlugins (0ms)
			BeforeProcessingInitializeOnLoad (31ms)
			ProcessInitializeOnLoadAttributes (241ms)
			ProcessInitializeOnLoadMethodAttributes (10ms)
			AfterProcessingInitializeOnLoad (1ms)
			EditorAssembliesLoaded (0ms)
		ExecutionOrderSort2 (0ms)
		AwakeInstancesAfterBackupRestoration (2ms)
Launching external process: /Applications/Unity/Hub/Editor/2022.3.20f1/Unity.app/Contents/Tools/UnityShaderCompiler
Launched and connected shader compiler UnityShaderCompiler after 0.30 seconds
Refreshing native plugins compatible for Editor in 1.46 ms, found 2 plugins.
Preloading 0 native plugins for Editor in 0.00 ms.
Unloading 3094 Unused Serialized files (Serialized files now loaded: 0)
Unloading 32 unused Assets / (51.7 KB). Loaded Objects now: 3577.
Memory consumption went from 138.7 MB to 138.6 MB.
Total: 2.089417 ms (FindLiveObjects: 0.102083 ms CreateObjectMapping: 0.035750 ms MarkObjects: 1.870000 ms  DeleteObjects: 0.080583 ms)

AssetImportParameters requested are different than current active one (requested -> active):
  custom:container-demuxer-ogg: 62fdf1f143b41e24485cea50d1cbac27 -> 
  custom:video-decoder-ogg-theora: a1e56fd34408186e4bbccfd4996cb3dc -> 
  custom:CustomObjectIndexerAttribute: 6d391050e5a25f67b0a2c618074f2cd9 -> 
  custom:container-demuxer-webm: 4f35f7cbe854078d1ac9338744f61a02 -> 
  custom:container-muxer-webm: aa71ff27fc2769a1b78a27578f13a17b -> 
  custom:video-decoder-webm-vp8: 9c59270c3fd7afecdb556c50c9e8de78 -> 
  custom:SearchIndexIgnoredProperties: e643bd26f0fe6173181afceb89e7c659 -> 
  custom:AudioImporter_EditorPlatform: 3918e3fc78b5a79bad01e8451be0beb8 -> 
  custom:framework-osx-AVFoundation: e770b220cccbd017edd2c1fefb359320 -> 
  custom:video-encoder-webm-vp8: eb34c28f22e8b96e1ab97ce403110664 -> 
  custom:audio-decoder-ogg-vorbis: bf7c407c2cedff20999df2af8eb42d56 -> 
  custom:audio-encoder-webm-vorbis: bf7c407c2cedff20999df2af8eb42d56 -> 
========================================================================
Received Import Request.
  Time since last request: 6495.182795 seconds.
  path: Assets/Gwangju_3D asset/26_GwangjuTheater/Textures/Inner/GtChair_BaseMap.png
  artifactKey: Guid(5de5ce0de42149c47b249375ff7a22af) Importer(815301076,1909f56bfc062723c751e8b465ee728b)
Start importing Assets/Gwangju_3D asset/26_GwangjuTheater/Textures/Inner/GtChair_BaseMap.png using Guid(5de5ce0de42149c47b249375ff7a22af) Importer(815301076,1909f56bfc062723c751e8b465ee728b)  -> (artifact id: '90aa392c6b7de4284b07ae235f90df0d') in 0.078324 seconds
Number of updated asset objects reloaded before import = 0
Number of asset objects unloaded after import = 2
========================================================================
Received Import Request.
  Time since last request: 0.002670 seconds.
  path: Assets/Gwangju_3D asset/26_GwangjuTheater/Textures/Inner/GtStairDoor_MaskMap.png
  artifactKey: Guid(b55d8d789f5c90e4a8081082c30816f7) Importer(815301076,1909f56bfc062723c751e8b465ee728b)
Start importing Assets/Gwangju_3D asset/26_GwangjuTheater/Textures/Inner/GtStairDoor_MaskMap.png using Guid(b55d8d789f5c90e4a8081082c30816f7) Importer(815301076,1909f56bfc062723c751e8b465ee728b)  -> (artifact id: 'ee3a2a5ea7b3f0136a3f20b9a9d7a5a0') in 0.007802 seconds
Number of updated asset objects reloaded before import = 0
Number of asset objects unloaded after import = 2
========================================================================
Received Import Request.
  Time since last request: 0.000161 seconds.
  path: Assets/Gwangju_3D asset/26_GwangjuTheater/Textures/Inner/GtStairDoor_Normal.png
  artifactKey: Guid(eba939674505fa6419f1599a97e107d8) Importer(815301076,1909f56bfc062723c751e8b465ee728b)
Start importing Assets/Gwangju_3D asset/26_GwangjuTheater/Textures/Inner/GtStairDoor_Normal.png using Guid(eba939674505fa6419f1599a97e107d8) Importer(815301076,1909f56bfc062723c751e8b465ee728b)  -> (artifact id: '825e938d528724370fc9937439324cba') in 0.028252 seconds
Number of updated asset objects reloaded before import = 0
Number of asset objects unloaded after import = 2
========================================================================
Received Import Request.
  Time since last request: 0.000075 seconds.
  path: Assets/Gwangju_3D asset/26_GwangjuTheater/Textures/Inner/GtTheaterSide_MaskMap.png
  artifactKey: Guid(5acd2762bfed60c479820b75ed2e0e1a) Importer(815301076,1909f56bfc062723c751e8b465ee728b)
Start importing Assets/Gwangju_3D asset/26_GwangjuTheater/Textures/Inner/GtTheaterSide_MaskMap.png using Guid(5acd2762bfed60c479820b75ed2e0e1a) Importer(815301076,1909f56bfc062723c751e8b465ee728b)  -> (artifact id: '0ed1b9d2902f6c2a519332f35c3d3c31') in 0.010233 seconds
Number of updated asset objects reloaded before import = 0
Number of asset objects unloaded after import = 2
========================================================================
Received Import Request.
  Time since last request: 0.000270 seconds.
  path: Assets/Gwangju_3D asset/26_GwangjuTheater/Textures/Inner/GtWoodTrim_BaseMap.png
  artifactKey: Guid(70d615f2e53518444b6beb56a3b8ffcd) Importer(815301076,1909f56bfc062723c751e8b465ee728b)
Start importing Assets/Gwangju_3D asset/26_GwangjuTheater/Textures/Inner/GtWoodTrim_BaseMap.png using Guid(70d615f2e53518444b6beb56a3b8ffcd) Importer(815301076,1909f56bfc062723c751e8b465ee728b)  -> (artifact id: '8dae5da7252cab186e822d3200dad766') in 0.006211 seconds
Number of updated asset objects reloaded before import = 0
Number of asset objects unloaded after import = 2
========================================================================
Received Import Request.
  Time since last request: 0.002524 seconds.
  path: Assets/Gwangju_3D asset/26_GwangjuTheater/Textures/Inner/GtWoodTrim_MaskMap.png
  artifactKey: Guid(7fa26798f1003094b852748dfeb6425a) Importer(815301076,1909f56bfc062723c751e8b465ee728b)
Start importing Assets/Gwangju_3D asset/26_GwangjuTheater/Textures/Inner/GtWoodTrim_MaskMap.png using Guid(7fa26798f1003094b852748dfeb6425a) Importer(815301076,1909f56bfc062723c751e8b465ee728b)  -> (artifact id: '0ae459aab3ae4316a575de4b15736ee4') in 0.005655 seconds
Number of updated asset objects reloaded before import = 0
Number of asset objects unloaded after import = 2
========================================================================
Received Import Request.
  Time since last request: 3.019628 seconds.
  path: Assets/Gwangju_3D asset/26_GwangjuTheater/Textures/Outter/EtcGt_BaseMap.png
  artifactKey: Guid(d8157c22fcfd5c34398cefce2fe0066e) Importer(815301076,1909f56bfc062723c751e8b465ee728b)
Start importing Assets/Gwangju_3D asset/26_GwangjuTheater/Textures/Outter/EtcGt_BaseMap.png using Guid(d8157c22fcfd5c34398cefce2fe0066e) Importer(815301076,1909f56bfc062723c751e8b465ee728b)  -> (artifact id: 'f27058ba9f9b4eb9feb6709af2b04a71') in 0.012864 seconds
Number of updated asset objects reloaded before import = 0
Number of asset objects unloaded after import = 2
========================================================================
Received Import Request.
  Time since last request: 0.000133 seconds.
  path: Assets/Gwangju_3D asset/26_GwangjuTheater/Textures/Outter/PicTex_BaseMap.png
  artifactKey: Guid(8947f574b07a9c94eb2c113649739dac) Importer(815301076,1909f56bfc062723c751e8b465ee728b)
Start importing Assets/Gwangju_3D asset/26_GwangjuTheater/Textures/Outter/PicTex_BaseMap.png using Guid(8947f574b07a9c94eb2c113649739dac) Importer(815301076,1909f56bfc062723c751e8b465ee728b)  -> (artifact id: '2ac9b03be7d3af561f691a960f791db2') in 0.010749 seconds
Number of updated asset objects reloaded before import = 0
Number of asset objects unloaded after import = 2
========================================================================
Received Import Request.
  Time since last request: 0.000097 seconds.
  path: Assets/Gwangju_3D asset/26_GwangjuTheater/Textures/Outter/GtTrim_BaseMap.png
  artifactKey: Guid(a704738ef5dea144884abd40436e6e10) Importer(815301076,1909f56bfc062723c751e8b465ee728b)
Start importing Assets/Gwangju_3D asset/26_GwangjuTheater/Textures/Outter/GtTrim_BaseMap.png using Guid(a704738ef5dea144884abd40436e6e10) Importer(815301076,1909f56bfc062723c751e8b465ee728b)  -> (artifact id: '53ece2c49234b66d65a73c1bd37589bf') in 0.025959 seconds
Number of updated asset objects reloaded before import = 0
Number of asset objects unloaded after import = 2
========================================================================
Received Import Request.
  Time since last request: 0.000264 seconds.
  path: Assets/Gwangju_3D asset/26_GwangjuTheater/Textures/Outter/OutterWallGt_BaseMap.png
  artifactKey: Guid(733a411bd736168439b06ec845ba1a6d) Importer(815301076,1909f56bfc062723c751e8b465ee728b)
Start importing Assets/Gwangju_3D asset/26_GwangjuTheater/Textures/Outter/OutterWallGt_BaseMap.png using Guid(733a411bd736168439b06ec845ba1a6d) Importer(815301076,1909f56bfc062723c751e8b465ee728b)  -> (artifact id: 'f6b94ff0e39e42afdf29603e8ad60003') in 0.008280 seconds
Number of updated asset objects reloaded before import = 0
Number of asset objects unloaded after import = 2
========================================================================
Received Import Request.
  Time since last request: 6.089272 seconds.
  path: Assets/Gwangju_3D asset/Scenes/26_GwangjuTheater_Inner/LightingData.asset
  artifactKey: Guid(394a0af0c80989148a535e869721b534) Importer(815301076,1909f56bfc062723c751e8b465ee728b)
Start importing Assets/Gwangju_3D asset/Scenes/26_GwangjuTheater_Inner/LightingData.asset using Guid(394a0af0c80989148a535e869721b534) Importer(815301076,1909f56bfc062723c751e8b465ee728b)  -> (artifact id: '8ed5a59943e40aff67c27afc7faef787') in 0.058367 seconds
Number of updated asset objects reloaded before import = 0
Number of asset objects unloaded after import = 1
========================================================================
Received Import Request.
  Time since last request: 0.000175 seconds.
  path: Assets/Gwangju_3D asset/Scenes/26_GwangjuTheater_Inner/ReflectionProbe-0.exr
  artifactKey: Guid(4079d4050c232f34fb6a55c779b8dbed) Importer(815301076,1909f56bfc062723c751e8b465ee728b)
Start importing Assets/Gwangju_3D asset/Scenes/26_GwangjuTheater_Inner/ReflectionProbe-0.exr using Guid(4079d4050c232f34fb6a55c779b8dbed) Importer(815301076,1909f56bfc062723c751e8b465ee728b)  -> (artifact id: '64d35214d0fcb98f9fa069850ca9b0f0') in 0.048643 seconds
Number of updated asset objects reloaded before import = 0
Number of asset objects unloaded after import = 1
========================================================================
Received Import Request.
  Time since last request: 0.000057 seconds.
  path: Assets/Gwangju_3D asset/Scenes/26_GwangjuTheater_Inner/ReflectionProbe-7.exr
  artifactKey: Guid(7f25b0f4724b44d439f0a05a86094e88) Importer(815301076,1909f56bfc062723c751e8b465ee728b)
Start importing Assets/Gwangju_3D asset/Scenes/26_GwangjuTheater_Inner/ReflectionProbe-7.exr using Guid(7f25b0f4724b44d439f0a05a86094e88) Importer(815301076,1909f56bfc062723c751e8b465ee728b)  -> (artifact id: 'ddbfd969ec5ee1dd08a9b617e411f92b') in 0.007379 seconds
Number of updated asset objects reloaded before import = 0
Number of asset objects unloaded after import = 1
========================================================================
Received Import Request.
  Time since last request: 0.000214 seconds.
  path: Assets/Gwangju_3D asset/Scenes/26_GwangjuTheater_Inner/ReflectionProbe-6.exr
  artifactKey: Guid(74cb3045962e12840b0dff6f93dfb2c3) Importer(815301076,1909f56bfc062723c751e8b465ee728b)
Start importing Assets/Gwangju_3D asset/Scenes/26_GwangjuTheater_Inner/ReflectionProbe-6.exr using Guid(74cb3045962e12840b0dff6f93dfb2c3) Importer(815301076,1909f56bfc062723c751e8b465ee728b)  -> (artifact id: 'f9337a25efbcc5ba797fd883454a9c99') in 0.006570 seconds
Number of updated asset objects reloaded before import = 0
Number of asset objects unloaded after import = 1
========================================================================
Received Import Request.
  Time since last request: 0.000177 seconds.
  path: Assets/Gwangju_3D asset/Scenes/26_GwangjuTheater_Inner/Lightmap-2_comp_light.exr
  artifactKey: Guid(3e08349d91bd3d545afa0707568996ae) Importer(815301076,1909f56bfc062723c751e8b465ee728b)
Start importing Assets/Gwangju_3D asset/Scenes/26_GwangjuTheater_Inner/Lightmap-2_comp_light.exr using Guid(3e08349d91bd3d545afa0707568996ae) Importer(815301076,1909f56bfc062723c751e8b465ee728b)  -> (artifact id: '5bdd8c548d70aff44283c07e58bde4db') in 0.019625 seconds
Number of updated asset objects reloaded before import = 0
Number of asset objects unloaded after import = 2
========================================================================
Received Import Request.
  Time since last request: 0.000127 seconds.
  path: Assets/Gwangju_3D asset/Scenes/26_GwangjuTheater_Inner/Lightmap-3_comp_shadowmask.png
  artifactKey: Guid(89ae3a815ba819d4a86db71b59d9f388) Importer(815301076,1909f56bfc062723c751e8b465ee728b)
Start importing Assets/Gwangju_3D asset/Scenes/26_GwangjuTheater_Inner/Lightmap-3_comp_shadowmask.png using Guid(89ae3a815ba819d4a86db71b59d9f388) Importer(815301076,1909f56bfc062723c751e8b465ee728b)  -> (artifact id: 'cffb0a19ac08df73798e18d37f5d486b') in 0.025902 seconds
Number of updated asset objects reloaded before import = 0
Number of asset objects unloaded after import = 2
========================================================================
Received Import Request.
  Time since last request: 0.000187 seconds.
  path: Assets/Gwangju_3D asset/Scenes/26_GwangjuTheater_Inner/ReflectionProbe-8.exr
  artifactKey: Guid(e3e32cfabbb2c2948945f2991af600c8) Importer(815301076,1909f56bfc062723c751e8b465ee728b)
Start importing Assets/Gwangju_3D asset/Scenes/26_GwangjuTheater_Inner/ReflectionProbe-8.exr using Guid(e3e32cfabbb2c2948945f2991af600c8) Importer(815301076,1909f56bfc062723c751e8b465ee728b)  -> (artifact id: '53cf2215768586601818932d1ca4d452') in 0.006395 seconds
Number of updated asset objects reloaded before import = 0
Number of asset objects unloaded after import = 1
========================================================================
Received Import Request.
  Time since last request: 0.000624 seconds.
  path: Assets/Gwangju_3D asset/Scenes/26_GwangjuTheater_Inner/ReflectionProbe-2.exr
  artifactKey: Guid(c7b9b2ff1cfcdca409c40a512ee867d7) Importer(815301076,1909f56bfc062723c751e8b465ee728b)
Start importing Assets/Gwangju_3D asset/Scenes/26_GwangjuTheater_Inner/ReflectionProbe-2.exr using Guid(c7b9b2ff1cfcdca409c40a512ee867d7) Importer(815301076,1909f56bfc062723c751e8b465ee728b)  -> (artifact id: '13cf41a1c0c1206dc126d4b9d191fc94') in 0.006589 seconds
Number of updated asset objects reloaded before import = 0
Number of asset objects unloaded after import = 1
========================================================================
Received Import Request.
  Time since last request: 41.137746 seconds.
  path: Assets/Gwangju_3D asset/Scenes/Volume/26_GwangjuTheater_SceneProfile.asset
  artifactKey: Guid(d54a85f0954a46b45b52e82eeded186a) Importer(815301076,1909f56bfc062723c751e8b465ee728b)
Start importing Assets/Gwangju_3D asset/Scenes/Volume/26_GwangjuTheater_SceneProfile.asset using Guid(d54a85f0954a46b45b52e82eeded186a) Importer(815301076,1909f56bfc062723c751e8b465ee728b)  -> (artifact id: '102f99588885d9a7b6853af860b67d45') in 0.007407 seconds
Number of updated asset objects reloaded before import = 0
Number of asset objects unloaded after import = 1
========================================================================
Received Import Request.
  Time since last request: 2.647155 seconds.
  path: Assets/Gwangju_3D asset/Scenes/26_GwangjuTheater_Inner/Materials
  artifactKey: Guid(d781d2b502fd84935b400ba6285abda9) Importer(815301076,1909f56bfc062723c751e8b465ee728b)
Start importing Assets/Gwangju_3D asset/Scenes/26_GwangjuTheater_Inner/Materials using Guid(d781d2b502fd84935b400ba6285abda9) Importer(815301076,1909f56bfc062723c751e8b465ee728b)  -> (artifact id: 'a628974fd1f0c8a0064043b168fcd557') in 0.000470 seconds
Number of updated asset objects reloaded before import = 0
Number of asset objects unloaded after import = 0
========================================================================
Received Import Request.
  Time since last request: 0.121917 seconds.
  path: Assets/Gwangju_3D asset/Scenes/26_GwangjuTheater_Inner/Materials/ReflectionProbe-6.mat
  artifactKey: Guid(1a8d84d316e0b4916bffb5d473ed0631) Importer(815301076,1909f56bfc062723c751e8b465ee728b)
Start importing Assets/Gwangju_3D asset/Scenes/26_GwangjuTheater_Inner/Materials/ReflectionProbe-6.mat using Guid(1a8d84d316e0b4916bffb5d473ed0631) Importer(815301076,1909f56bfc062723c751e8b465ee728b)  -> (artifact id: 'e20a78c3fad14e025c7580e9f886ad32') in 0.070988 seconds
Number of updated asset objects reloaded before import = 0
Number of asset objects unloaded after import = 2
========================================================================
Received Import Request.
  Time since last request: 12.761144 seconds.
  path: Assets/New Terrain 1.asset
  artifactKey: Guid(a6070d9345cba4ce7887e15143debaec) Importer(815301076,1909f56bfc062723c751e8b465ee728b)
Start importing Assets/New Terrain 1.asset using Guid(a6070d9345cba4ce7887e15143debaec) Importer(815301076,1909f56bfc062723c751e8b465ee728b)  -> (artifact id: 'abb20ad6044e531e4b764770b5e0b79a') in 0.007697 seconds
Number of updated asset objects reloaded before import = 0
Number of asset objects unloaded after import = 1
Editor requested this worker to shutdown with reason: Scaling down because of idle timeout
TcpMessagingSession - receive error: operation aborted. errorcode: 89, details: Operation aborted.
AssetImportWorker is now disconnected from the server
Process exiting
